<?xml version="1.0" encoding="UTF-8"?>
<testng-results skipped="0" failed="0" ignored="0" total="1" passed="1">
  <reporter-output>
  </reporter-output>
  <suite name="NewTest" duration-ms="21355" started-at="2018-06-21T17:58:22Z" finished-at="2018-06-21T17:58:43Z">
    <groups>
    </groups>
    <test name="Command line test" duration-ms="21355" started-at="2018-06-21T17:58:22Z" finished-at="2018-06-21T17:58:43Z">
      <class name="NewTest">
        <test-method status="PASS" signature="afterClass()[pri:0, instance:NewTest@2d209079]" name="afterClass" is-config="true" duration-ms="3340" started-at="2018-06-21T23:28:22Z" finished-at="2018-06-21T23:28:25Z">
          <reporter-output>
          </reporter-output>
        </test-method> <!-- afterClass -->
        <test-method status="PASS" signature="f()[pri:0, instance:NewTest@2d209079]" name="f" duration-ms="15587" started-at="2018-06-21T23:28:25Z" finished-at="2018-06-21T23:28:41Z">
          <reporter-output>
          </reporter-output>
        </test-method> <!-- f -->
        <test-method status="PASS" signature="afterTest()[pri:0, instance:NewTest@2d209079]" name="afterTest" is-config="true" duration-ms="2400" started-at="2018-06-21T23:28:41Z" finished-at="2018-06-21T23:28:43Z">
          <reporter-output>
          </reporter-output>
        </test-method> <!-- afterTest -->
      </class> <!-- NewTest -->
    </test> <!-- Command line test -->
  </suite> <!-- NewTest -->
</testng-results>
